<?xml version="1.0" encoding="UTF-8"?>
<robot generator="Robot 3.2.1 (Python 3.8.3 on darwin)" generated="20200624 11:55:57.758" rpa="false">
<suite id="s1" name="UsandoLoops" source="/Users/galeite/robot/Estruturas/UsandoLoops.robot">
<test id="s1-t1" name="Caso de teste exemplo 01">
<kw name="Usando FOR com LISTA">
<kw name="${ITEM} IN [ @{FRUTAS} ]" type="for">
<kw name="${ITEM} = maça" type="foritem">
<kw name="Exit For Loop If" library="BuiltIn">
<doc>Stops executing the enclosing for loop if the ``condition`` is true.</doc>
<arguments>
<arg>'${ITEM}' == 'banana'</arg>
</arguments>
<status status="PASS" starttime="20200624 11:55:57.831" endtime="20200624 11:55:57.832"></status>
</kw>
<kw name="Log" library="BuiltIn">
<doc>Logs the given message with the given level.</doc>
<arguments>
<arg>Minha fruta ${ITEM}</arg>
</arguments>
<msg timestamp="20200624 11:55:57.833" level="INFO">Minha fruta maça</msg>
<status status="PASS" starttime="20200624 11:55:57.832" endtime="20200624 11:55:57.833"></status>
</kw>
<status status="PASS" starttime="20200624 11:55:57.831" endtime="20200624 11:55:57.833"></status>
</kw>
<kw name="${ITEM} = banana" type="foritem">
<kw name="Exit For Loop If" library="BuiltIn">
<doc>Stops executing the enclosing for loop if the ``condition`` is true.</doc>
<arguments>
<arg>'${ITEM}' == 'banana'</arg>
</arguments>
<msg timestamp="20200624 11:55:57.834" level="INFO">Exiting for loop altogether.</msg>
<status status="PASS" starttime="20200624 11:55:57.833" endtime="20200624 11:55:57.834"></status>
</kw>
<status status="PASS" starttime="20200624 11:55:57.833" endtime="20200624 11:55:57.834"></status>
</kw>
<status status="PASS" starttime="20200624 11:55:57.830" endtime="20200624 11:55:57.834"></status>
</kw>
<kw name="${ITEM} IN [ @{FRUTAS} ]" type="for">
<msg timestamp="20200624 11:55:57.834" level="FAIL">For loop has no closing 'END'.</msg>
<status status="FAIL" starttime="20200624 11:55:57.834" endtime="20200624 11:55:57.834"></status>
</kw>
<status status="FAIL" starttime="20200624 11:55:57.829" endtime="20200624 11:55:57.835"></status>
</kw>
<status status="FAIL" starttime="20200624 11:55:57.829" endtime="20200624 11:55:57.836" critical="yes">For loop has no closing 'END'.</status>
</test>
<doc>Suite para exemplificar o uso de LOOPS nos testes</doc>
<status status="FAIL" starttime="20200624 11:55:57.789" endtime="20200624 11:55:57.837"></status>
</suite>
<statistics>
<total>
<stat pass="0" fail="1">Critical Tests</stat>
<stat pass="0" fail="1">All Tests</stat>
</total>
<tag>
</tag>
<suite>
<stat pass="0" fail="1" id="s1" name="UsandoLoops">UsandoLoops</stat>
</suite>
</statistics>
<errors>
</errors>
</robot>
