<?xml version="1.0" encoding="UTF-8"?>
<robot generator="Robot 3.2.1 (Python 3.8.3 on darwin)" generated="20200625 16:06:58.414" rpa="false">
<suite id="s1" name="TestSitePractice" source="/Users/galeite/robot/SuiteSiteTestePractice/tests/TestSitePractice.robot">
<test id="s1-t1" name="Caso de Teste 01: Pesquisar produto existente">
<kw name="Abrir navegador" library="Resource" type="setup">
<kw name="Open Browser" library="SeleniumLibrary">
<doc>Opens a new browser instance to the optional ``url``.</doc>
<arguments>
<arg>about:blank</arg>
<arg>${BROWSER}</arg>
</arguments>
<msg timestamp="20200625 16:07:00.181" level="INFO">Opening browser 'chrome' to base url 'about:blank'.</msg>
<status status="PASS" starttime="20200625 16:07:00.179" endtime="20200625 16:07:46.154"></status>
</kw>
<status status="PASS" starttime="20200625 16:07:00.162" endtime="20200625 16:07:46.155"></status>
</kw>
<kw name="Acessar a página home do site" library="Resource">
<kw name="Go To" library="SeleniumLibrary">
<doc>Navigates the current browser window to the provided ``url``.</doc>
<arguments>
<arg>${URL}</arg>
</arguments>
<msg timestamp="20200625 16:07:46.158" level="INFO">Opening url 'http://automationpractice.com/'</msg>
<status status="PASS" starttime="20200625 16:07:46.157" endtime="20200625 16:07:56.384"></status>
</kw>
<kw name="Title Should Be" library="SeleniumLibrary">
<doc>Verifies that the current page title equals ``title``.</doc>
<arguments>
<arg>My Store</arg>
</arguments>
<msg timestamp="20200625 16:07:57.016" level="INFO">Page title is 'My Store'.</msg>
<status status="PASS" starttime="20200625 16:07:56.385" endtime="20200625 16:07:57.017"></status>
</kw>
<status status="PASS" starttime="20200625 16:07:46.156" endtime="20200625 16:07:57.017"></status>
</kw>
<kw name="Digitar o nome do produto &quot;Blouse&quot; no campo de pesquisa" library="Resource">
<kw name="Input Text" library="SeleniumLibrary">
<doc>Types the given ``text`` into the text field identified by ``locator``.</doc>
<arguments>
<arg>name=search_query</arg>
<arg>${PRODUTO}</arg>
</arguments>
<msg timestamp="20200625 16:07:57.018" level="INFO">Typing text 'Blouse' into text field 'name=search_query'.</msg>
<status status="PASS" starttime="20200625 16:07:57.018" endtime="20200625 16:07:59.147"></status>
</kw>
<status status="PASS" starttime="20200625 16:07:57.017" endtime="20200625 16:07:59.147"></status>
</kw>
<kw name="Clicar no botão pesquisar" library="Resource">
<kw name="Click Element" library="SeleniumLibrary">
<doc>Click the element identified by ``locator``.</doc>
<arguments>
<arg>name=submit_search</arg>
</arguments>
<msg timestamp="20200625 16:07:59.149" level="INFO">Clicking element 'name=submit_search'.</msg>
<status status="PASS" starttime="20200625 16:07:59.148" endtime="20200625 16:08:00.946"></status>
</kw>
<status status="PASS" starttime="20200625 16:07:59.147" endtime="20200625 16:08:00.947"></status>
</kw>
<kw name="Conferir se o produto &quot;Blouse&quot; foi listado no site" library="Resource">
<kw name="Wait Until Element Is Visible" library="SeleniumLibrary">
<doc>Waits until the element ``locator`` is visible.</doc>
<arguments>
<arg>css=#center_column &gt; h1</arg>
</arguments>
<status status="PASS" starttime="20200625 16:08:00.949" endtime="20200625 16:08:01.000"></status>
</kw>
<kw name="Title Should Be" library="SeleniumLibrary">
<doc>Verifies that the current page title equals ``title``.</doc>
<arguments>
<arg>Search - My Store</arg>
</arguments>
<msg timestamp="20200625 16:08:01.007" level="INFO">Page title is 'Search - My Store'.</msg>
<status status="PASS" starttime="20200625 16:08:01.000" endtime="20200625 16:08:01.007"></status>
</kw>
<kw name="Page Should Contain Image" library="SeleniumLibrary">
<doc>Verifies image identified by ``locator`` is found from current page.</doc>
<arguments>
<arg>xpath=//*[@id="center_column"]//*[@src="http://automationpractice.com/img/p/7/7-home_default.jpg"]</arg>
</arguments>
<msg timestamp="20200625 16:08:01.082" level="INFO">Current page contains image 'xpath=//*[@id="center_column"]//*[@src="http://automationpractice.com/img/p/7/7-home_default.jpg"]'.</msg>
<status status="PASS" starttime="20200625 16:08:01.008" endtime="20200625 16:08:01.083"></status>
</kw>
<kw name="Page Should Contain Link" library="SeleniumLibrary">
<doc>Verifies link identified by ``locator`` is found from current page.</doc>
<arguments>
<arg>xpath=//*[@id="center_column"]//a[@class="product-name"][contains(text(), "${PRODUTO}")]</arg>
</arguments>
<msg timestamp="20200625 16:08:01.105" level="INFO">Current page contains link 'xpath=//*[@id="center_column"]//a[@class="product-name"][contains(text(), "Blouse")]'.</msg>
<status status="PASS" starttime="20200625 16:08:01.083" endtime="20200625 16:08:01.105"></status>
</kw>
<status status="PASS" starttime="20200625 16:08:00.947" endtime="20200625 16:08:01.106"></status>
</kw>
<kw name="Fechar navegador" library="Resource" type="teardown">
<kw name="Close Browser" library="SeleniumLibrary">
<doc>Closes the current browser.</doc>
<status status="PASS" starttime="20200625 16:08:01.107" endtime="20200625 16:08:02.011"></status>
</kw>
<status status="PASS" starttime="20200625 16:08:01.106" endtime="20200625 16:08:02.012"></status>
</kw>
<status status="PASS" starttime="20200625 16:07:00.134" endtime="20200625 16:08:02.012" critical="yes"></status>
</test>
<test id="s1-t2" name="Caso de Teste 02: Pesquisar produto não existente">
<kw name="Abrir navegador" library="Resource" type="setup">
<kw name="Open Browser" library="SeleniumLibrary">
<doc>Opens a new browser instance to the optional ``url``.</doc>
<arguments>
<arg>about:blank</arg>
<arg>${BROWSER}</arg>
</arguments>
<msg timestamp="20200625 16:08:02.053" level="INFO">Opening browser 'chrome' to base url 'about:blank'.</msg>
<status status="PASS" starttime="20200625 16:08:02.052" endtime="20200625 16:08:06.520"></status>
</kw>
<status status="PASS" starttime="20200625 16:08:02.052" endtime="20200625 16:08:06.521"></status>
</kw>
<kw name="Acessar a página home do site" library="Resource">
<kw name="Go To" library="SeleniumLibrary">
<doc>Navigates the current browser window to the provided ``url``.</doc>
<arguments>
<arg>${URL}</arg>
</arguments>
<msg timestamp="20200625 16:08:06.524" level="INFO">Opening url 'http://automationpractice.com/'</msg>
<status status="PASS" starttime="20200625 16:08:06.523" endtime="20200625 16:08:11.301"></status>
</kw>
<kw name="Title Should Be" library="SeleniumLibrary">
<doc>Verifies that the current page title equals ``title``.</doc>
<arguments>
<arg>My Store</arg>
</arguments>
<msg timestamp="20200625 16:08:11.311" level="INFO">Page title is 'My Store'.</msg>
<status status="PASS" starttime="20200625 16:08:11.302" endtime="20200625 16:08:11.311"></status>
</kw>
<status status="PASS" starttime="20200625 16:08:06.522" endtime="20200625 16:08:11.312"></status>
</kw>
<kw name="Digitar o nome do produto &quot;Item de Teste&quot; no campo de pesquisa" library="Resource">
<kw name="Input Text" library="SeleniumLibrary">
<doc>Types the given ``text`` into the text field identified by ``locator``.</doc>
<arguments>
<arg>name=search_query</arg>
<arg>${PRODUTO}</arg>
</arguments>
<msg timestamp="20200625 16:08:11.313" level="INFO">Typing text 'Item de Teste' into text field 'name=search_query'.</msg>
<status status="PASS" starttime="20200625 16:08:11.313" endtime="20200625 16:08:11.931"></status>
</kw>
<status status="PASS" starttime="20200625 16:08:11.312" endtime="20200625 16:08:11.931"></status>
</kw>
<kw name="Clicar no botão pesquisar" library="Resource">
<kw name="Click Element" library="SeleniumLibrary">
<doc>Click the element identified by ``locator``.</doc>
<arguments>
<arg>name=submit_search</arg>
</arguments>
<msg timestamp="20200625 16:08:11.933" level="INFO">Clicking element 'name=submit_search'.</msg>
<status status="PASS" starttime="20200625 16:08:11.932" endtime="20200625 16:08:13.325"></status>
</kw>
<status status="PASS" starttime="20200625 16:08:11.932" endtime="20200625 16:08:13.326"></status>
</kw>
<kw name="Conferir mensagem de erro &quot;No results were found for your search &quot;Item de Teste&quot;&quot;" library="Resource">
<kw name="Wait Until Element Is Visible" library="SeleniumLibrary">
<doc>Waits until the element ``locator`` is visible.</doc>
<arguments>
<arg>//*[@id="center_column"]/p[@class='alert alert-warning']</arg>
</arguments>
<status status="PASS" starttime="20200625 16:08:13.328" endtime="20200625 16:08:13.378"></status>
</kw>
<kw name="Element Text Should Be" library="SeleniumLibrary">
<doc>Verifies that element ``locator`` contains exact the text ``expected``.</doc>
<arguments>
<arg>//*[@id="center_column"]/p[@class='alert alert-warning']</arg>
<arg>${MENSAGEM_ALERTA}</arg>
</arguments>
<msg timestamp="20200625 16:08:13.379" level="INFO">Verifying element '//*[@id="center_column"]/p[@class='alert alert-warning']' contains exact text 'No results were found for your search "Item de Teste"'.</msg>
<status status="PASS" starttime="20200625 16:08:13.378" endtime="20200625 16:08:13.435"></status>
</kw>
<status status="PASS" starttime="20200625 16:08:13.326" endtime="20200625 16:08:13.436"></status>
</kw>
<kw name="Fechar navegador" library="Resource" type="teardown">
<kw name="Close Browser" library="SeleniumLibrary">
<doc>Closes the current browser.</doc>
<status status="PASS" starttime="20200625 16:08:13.437" endtime="20200625 16:08:14.135"></status>
</kw>
<status status="PASS" starttime="20200625 16:08:13.436" endtime="20200625 16:08:14.136"></status>
</kw>
<status status="PASS" starttime="20200625 16:08:02.051" endtime="20200625 16:08:14.136" critical="yes"></status>
</test>
<status status="PASS" starttime="20200625 16:06:58.416" endtime="20200625 16:08:14.139"></status>
</suite>
<statistics>
<total>
<stat pass="2" fail="0">Critical Tests</stat>
<stat pass="2" fail="0">All Tests</stat>
</total>
<tag>
</tag>
<suite>
<stat pass="2" fail="0" id="s1" name="TestSitePractice">TestSitePractice</stat>
</suite>
</statistics>
<errors>
</errors>
</robot>
