<?xml version="1.0" encoding="UTF-8"?>
<robot generator="Robot 3.1.2 (Python 3.8.2 on linux)" generated="20200626 15:53:39.673" rpa="false">
<suite id="s1" name="Tests" source="/opt/robotframework/tests">
<suite id="s1-s1" name="TestCaseXML" source="/opt/robotframework/tests/TestCaseXML.robot">
<test id="s1-s1-t1" name="Realizando a leitura e manipulação de arquivo XML">
<kw name="Manipulando o arquivo XML" library="ResourceXML">
<kw name="Count Files In Directory" library="OperatingSystem">
<doc>Wrapper for `Count Items In Directory` returning only file count.</doc>
<arguments>
<arg>${OUTPUT}</arg>
</arguments>
<assign>
<var>${GET_ID}</var>
</assign>
<msg timestamp="20200626 15:53:39.877" level="INFO" html="yes">Listing contents of directory '&lt;a href="file:///opt/robotframework/tests/documents/output"&gt;/opt/robotframework/tests/documents/output&lt;/a&gt;'.</msg>
<msg timestamp="20200626 15:53:39.971" level="INFO">3 files.</msg>
<msg timestamp="20200626 15:53:39.972" level="INFO">${GET_ID} = 3</msg>
<status status="PASS" starttime="20200626 15:53:39.875" endtime="20200626 15:53:39.972"></status>
</kw>
<kw name="Convert To String" library="BuiltIn">
<doc>Converts the given item to a Unicode string.</doc>
<arguments>
<arg>${GET_ID}</arg>
</arguments>
<assign>
<var>${ID}</var>
</assign>
<msg timestamp="20200626 15:53:39.974" level="INFO">${ID} = 3</msg>
<status status="PASS" starttime="20200626 15:53:39.973" endtime="20200626 15:53:39.974"></status>
</kw>
<kw name="Set Element Text" library="XML">
<doc>Sets text and/or tail text of the specified element.</doc>
<arguments>
<arg>${XML_CONTENT}</arg>
<arg>${ID}</arg>
<arg>xpath=.//id</arg>
</arguments>
<assign>
<var>${XML_CONTENT}</var>
</assign>
<msg timestamp="20200626 15:53:40.016" level="INFO">${XML_CONTENT} = &lt;Element 'Envelope' at 0x7f7a69521ea0&gt;</msg>
<status status="PASS" starttime="20200626 15:53:39.975" endtime="20200626 15:53:40.016"></status>
</kw>
<kw name="Set Element Text" library="XML">
<doc>Sets text and/or tail text of the specified element.</doc>
<arguments>
<arg>${XML_CONTENT}</arg>
<arg>${PESSOA.nome}</arg>
<arg>xpath=.//nome</arg>
</arguments>
<assign>
<var>${XML_CONTENT}</var>
</assign>
<msg timestamp="20200626 15:53:40.021" level="INFO">${XML_CONTENT} = &lt;Element 'Envelope' at 0x7f7a69521ea0&gt;</msg>
<status status="PASS" starttime="20200626 15:53:40.017" endtime="20200626 15:53:40.021"></status>
</kw>
<kw name="Set Element Text" library="XML">
<doc>Sets text and/or tail text of the specified element.</doc>
<arguments>
<arg>${XML_CONTENT}</arg>
<arg>${PESSOA.email}</arg>
<arg>xpath=.//email</arg>
</arguments>
<assign>
<var>${XML_CONTENT}</var>
</assign>
<msg timestamp="20200626 15:53:40.023" level="INFO">${XML_CONTENT} = &lt;Element 'Envelope' at 0x7f7a69521ea0&gt;</msg>
<status status="PASS" starttime="20200626 15:53:40.021" endtime="20200626 15:53:40.023"></status>
</kw>
<kw name="Set Element Attribute" library="XML">
<doc>Sets attribute ``name`` of the specified element to ``value``.</doc>
<arguments>
<arg>${XML_CONTENT}</arg>
<arg>status</arg>
<arg>${PESSOA.fixo}</arg>
<arg>xpath=.//contato[1]</arg>
</arguments>
<assign>
<var>${XML_CONTENT}</var>
</assign>
<msg timestamp="20200626 15:53:40.026" level="INFO">${XML_CONTENT} = &lt;Element 'Envelope' at 0x7f7a69521ea0&gt;</msg>
<status status="PASS" starttime="20200626 15:53:40.023" endtime="20200626 15:53:40.026"></status>
</kw>
<kw name="Set Element Text" library="XML">
<doc>Sets text and/or tail text of the specified element.</doc>
<arguments>
<arg>${XML_CONTENT}</arg>
<arg>\t</arg>
<arg>xpath=.//contato[1]</arg>
</arguments>
<assign>
<var>${XML_CONTENT}</var>
</assign>
<msg timestamp="20200626 15:53:40.029" level="INFO">${XML_CONTENT} = &lt;Element 'Envelope' at 0x7f7a69521ea0&gt;</msg>
<status status="PASS" starttime="20200626 15:53:40.027" endtime="20200626 15:53:40.029"></status>
</kw>
<kw name="Add Element" library="XML">
<doc>Adds a child element to the specified element.</doc>
<arguments>
<arg>${XML_CONTENT}</arg>
<arg>&lt;contato&gt;${PESSOA.telefone}&lt;/contato&gt;</arg>
<arg>xpath=.//dadosDoCliente</arg>
<arg>index=4</arg>
</arguments>
<assign>
<var>${XML_CONTENT}</var>
</assign>
<msg timestamp="20200626 15:53:40.032" level="INFO">${XML_CONTENT} = &lt;Element 'Envelope' at 0x7f7a69521ea0&gt;</msg>
<status status="PASS" starttime="20200626 15:53:40.029" endtime="20200626 15:53:40.032"></status>
</kw>
<kw name="Set Element Attribute" library="XML">
<doc>Sets attribute ``name`` of the specified element to ``value``.</doc>
<arguments>
<arg>${XML_CONTENT}</arg>
<arg>status</arg>
<arg>true</arg>
<arg>xpath=.//contato[2]</arg>
</arguments>
<assign>
<var>${XML_CONTENT}</var>
</assign>
<msg timestamp="20200626 15:53:40.033" level="INFO">${XML_CONTENT} = &lt;Element 'Envelope' at 0x7f7a69521ea0&gt;</msg>
<status status="PASS" starttime="20200626 15:53:40.032" endtime="20200626 15:53:40.034"></status>
</kw>
<kw name="Set Element Attribute" library="XML">
<doc>Sets attribute ``name`` of the specified element to ``value``.</doc>
<arguments>
<arg>${XML_CONTENT}</arg>
<arg>tipo</arg>
<arg>${PESSOA.tipo}</arg>
<arg>xpath=.//contato[2]</arg>
</arguments>
<assign>
<var>${XML_CONTENT}</var>
</assign>
<msg timestamp="20200626 15:53:40.035" level="INFO">${XML_CONTENT} = &lt;Element 'Envelope' at 0x7f7a69521ea0&gt;</msg>
<status status="PASS" starttime="20200626 15:53:40.034" endtime="20200626 15:53:40.035"></status>
</kw>
<kw name="Set Element Attribute" library="XML">
<doc>Sets attribute ``name`` of the specified element to ``value``.</doc>
<arguments>
<arg>${XML_CONTENT}</arg>
<arg>ativo</arg>
<arg>${PESSOA.status}</arg>
<arg>xpath=.//status</arg>
</arguments>
<assign>
<var>${XML_CONTENT}</var>
</assign>
<msg timestamp="20200626 15:53:40.037" level="INFO">${XML_CONTENT} = &lt;Element 'Envelope' at 0x7f7a69521ea0&gt;</msg>
<status status="PASS" starttime="20200626 15:53:40.036" endtime="20200626 15:53:40.038"></status>
</kw>
<kw name="Set Test Variable" library="BuiltIn">
<doc>Makes a variable available everywhere within the scope of the current test.</doc>
<arguments>
<arg>${ID}</arg>
</arguments>
<msg timestamp="20200626 15:53:40.039" level="INFO">${ID} = 3</msg>
<status status="PASS" starttime="20200626 15:53:40.038" endtime="20200626 15:53:40.039"></status>
</kw>
<kw name="Set Test Variable" library="BuiltIn">
<doc>Makes a variable available everywhere within the scope of the current test.</doc>
<arguments>
<arg>${XML_CONTENT}</arg>
</arguments>
<msg timestamp="20200626 15:53:40.040" level="INFO">${XML_CONTENT} = &lt;Element 'Envelope' at 0x7f7a69521ea0&gt;</msg>
<status status="PASS" starttime="20200626 15:53:40.040" endtime="20200626 15:53:40.041"></status>
</kw>
<status status="PASS" starttime="20200626 15:53:39.873" endtime="20200626 15:53:40.041"></status>
</kw>
<kw name="Salvando novo arquivo" library="ResourceXML">
<kw name="Save Xml" library="XML">
<doc>Saves the given element to the specified file.</doc>
<arguments>
<arg>${XML_CONTENT}</arg>
<arg>${OUTPUT}/${ID}.xml</arg>
</arguments>
<msg timestamp="20200626 15:53:40.052" level="INFO" html="yes">XML saved to &lt;a href="file:///opt/robotframework/tests/documents/output/3.xml"&gt;/opt/robotframework/tests/documents/output/3.xml&lt;/a&gt;.</msg>
<status status="PASS" starttime="20200626 15:53:40.042" endtime="20200626 15:53:40.052"></status>
</kw>
<kw name="Get File" library="OperatingSystem">
<doc>Returns the contents of a specified file.</doc>
<arguments>
<arg>${OUTPUT}/${ID}.xml</arg>
</arguments>
<assign>
<var>${XML_FINAL}</var>
</assign>
<msg timestamp="20200626 15:53:40.054" level="INFO" html="yes">Getting file '&lt;a href="file:///opt/robotframework/tests/documents/output/3.xml"&gt;/opt/robotframework/tests/documents/output/3.xml&lt;/a&gt;'.</msg>
<msg timestamp="20200626 15:53:40.060" level="INFO">${XML_FINAL} = &lt;?xml version='1.0' encoding='UTF-8'?&gt;
&lt;Envelope xmlns="http://schemas.xmlsoap.org/soap/envelope/"&gt;
  &lt;Body&gt;
    &lt;dadosDoCliente xmlns=""&gt;
      &lt;id&gt;3&lt;/id&gt;
      &lt;nome&gt;William&lt;/nome&gt;
      &lt;email&gt;will...</msg>
<status status="PASS" starttime="20200626 15:53:40.053" endtime="20200626 15:53:40.060"></status>
</kw>
<kw name="Log" library="BuiltIn">
<doc>Logs the given message with the given level.</doc>
<arguments>
<arg>${XML_FINAL}</arg>
</arguments>
<msg timestamp="20200626 15:53:40.065" level="INFO">&lt;?xml version='1.0' encoding='UTF-8'?&gt;
&lt;Envelope xmlns="http://schemas.xmlsoap.org/soap/envelope/"&gt;
  &lt;Body&gt;
    &lt;dadosDoCliente xmlns=""&gt;
      &lt;id&gt;3&lt;/id&gt;
      &lt;nome&gt;William&lt;/nome&gt;
      &lt;email&gt;will@q4sure.com&lt;/email&gt;
      &lt;contato status="false" tipo="residencial"&gt;	&lt;/contato&gt;
      &lt;contato status="true" tipo="celular"&gt;11 98765-4321&lt;/contato&gt;&lt;status ativo="true" /&gt;
    &lt;/dadosDoCliente&gt;
  &lt;/Body&gt;
&lt;/Envelope&gt;</msg>
<status status="PASS" starttime="20200626 15:53:40.064" endtime="20200626 15:53:40.065"></status>
</kw>
<kw name="Set Test Variable" library="BuiltIn">
<doc>Makes a variable available everywhere within the scope of the current test.</doc>
<arguments>
<arg>${XML_FINAL}</arg>
</arguments>
<msg timestamp="20200626 15:53:40.067" level="INFO">${XML_FINAL} = &lt;?xml version='1.0' encoding='UTF-8'?&gt;
&lt;Envelope xmlns="http://schemas.xmlsoap.org/soap/envelope/"&gt;
  &lt;Body&gt;
    &lt;dadosDoCliente xmlns=""&gt;
      &lt;id&gt;3&lt;/id&gt;
      &lt;nome&gt;William&lt;/nome&gt;
      &lt;email&gt;will...</msg>
<status status="PASS" starttime="20200626 15:53:40.066" endtime="20200626 15:53:40.067"></status>
</kw>
<status status="PASS" starttime="20200626 15:53:40.041" endtime="20200626 15:53:40.067"></status>
</kw>
<kw name="Conferindo os dados do arquivo salvo" library="ResourceXML">
<kw name="Element Text Should Be" library="XML">
<doc>Verifies that the text of the specified element is ``expected``.</doc>
<arguments>
<arg>${XML_FINAL}</arg>
<arg>${ID}</arg>
<arg>xpath=.//id</arg>
</arguments>
<status status="PASS" starttime="20200626 15:53:40.068" endtime="20200626 15:53:40.070"></status>
</kw>
<kw name="Element Text Should Be" library="XML">
<doc>Verifies that the text of the specified element is ``expected``.</doc>
<arguments>
<arg>${XML_FINAL}</arg>
<arg>${PESSOA.nome}</arg>
<arg>xpath=.//nome</arg>
</arguments>
<status status="PASS" starttime="20200626 15:53:40.070" endtime="20200626 15:53:40.073"></status>
</kw>
<kw name="Element Text Should Be" library="XML">
<doc>Verifies that the text of the specified element is ``expected``.</doc>
<arguments>
<arg>${XML_FINAL}</arg>
<arg>${PESSOA.email}</arg>
<arg>xpath=.//email</arg>
</arguments>
<status status="PASS" starttime="20200626 15:53:40.073" endtime="20200626 15:53:40.076"></status>
</kw>
<kw name="Element Attribute Should Be" library="XML">
<doc>Verifies that the specified attribute is ``expected``.</doc>
<arguments>
<arg>${XML_FINAL}</arg>
<arg>status</arg>
<arg>${PESSOA.fixo}</arg>
<arg>xpath=.//contato[1]</arg>
</arguments>
<status status="PASS" starttime="20200626 15:53:40.078" endtime="20200626 15:53:40.080"></status>
</kw>
<kw name="Element Attribute Should Be" library="XML">
<doc>Verifies that the specified attribute is ``expected``.</doc>
<arguments>
<arg>${XML_FINAL}</arg>
<arg>tipo</arg>
<arg>${PESSOA.tipo}</arg>
<arg>xpath=.//contato[2]</arg>
</arguments>
<status status="PASS" starttime="20200626 15:53:40.080" endtime="20200626 15:53:40.083"></status>
</kw>
<kw name="Element Attribute Should Be" library="XML">
<doc>Verifies that the specified attribute is ``expected``.</doc>
<arguments>
<arg>${XML_FINAL}</arg>
<arg>ativo</arg>
<arg>${PESSOA.status}</arg>
<arg>xpath=.//status</arg>
</arguments>
<status status="PASS" starttime="20200626 15:53:40.084" endtime="20200626 15:53:40.087"></status>
</kw>
<status status="PASS" starttime="20200626 15:53:40.068" endtime="20200626 15:53:40.087"></status>
</kw>
<status status="PASS" starttime="20200626 15:53:39.869" endtime="20200626 15:53:40.088" critical="yes"></status>
</test>
<doc>Realizando testes de manuliação de arquivo XML!</doc>
<status status="PASS" starttime="20200626 15:53:39.724" endtime="20200626 15:53:40.090"></status>
</suite>
<status status="PASS" starttime="20200626 15:53:39.677" endtime="20200626 15:53:40.096"></status>
</suite>
<statistics>
<total>
<stat pass="1" fail="0">Critical Tests</stat>
<stat pass="1" fail="0">All Tests</stat>
</total>
<tag>
</tag>
<suite>
<stat pass="1" fail="0" id="s1" name="Tests">Tests</stat>
<stat pass="1" fail="0" id="s1-s1" name="TestCaseXML">Tests.TestCaseXML</stat>
</suite>
</statistics>
<errors>
</errors>
</robot>
