<?xml version="1.0" encoding="UTF-8"?>
<robot generator="Robot 3.1.2 (Python 3.8.2 on linux)" generated="20200626 15:46:26.113" rpa="false">
<suite id="s1" name="Tests" source="/opt/robotframework/tests">
<suite id="s1-s1" name="TestCaseXML" source="/opt/robotframework/tests/TestCaseXML.robot">
<test id="s1-s1-t1" name="Realizando a leitura e manipulação de arquivo XML">
<kw name="Manipulando o arquivo XML" library="ResourceXML">
<kw name="Count Files In Directory" library="OperatingSystem">
<doc>Wrapper for `Count Items In Directory` returning only file count.</doc>
<arguments>
<arg>${OUTPUT}</arg>
</arguments>
<assign>
<var>${GET_ID}</var>
</assign>
<msg timestamp="20200626 15:46:26.253" level="INFO" html="yes">Listing contents of directory '&lt;a href="file:///opt/robotframework/tests/documents/output"&gt;/opt/robotframework/tests/documents/output&lt;/a&gt;'.</msg>
<msg timestamp="20200626 15:46:26.256" level="INFO">0 files.</msg>
<msg timestamp="20200626 15:46:26.257" level="INFO">${GET_ID} = 0</msg>
<status status="PASS" starttime="20200626 15:46:26.252" endtime="20200626 15:46:26.257"></status>
</kw>
<kw name="Convert To String" library="BuiltIn">
<doc>Converts the given item to a Unicode string.</doc>
<arguments>
<arg>${GET_ID}</arg>
</arguments>
<assign>
<var>${ID}</var>
</assign>
<msg timestamp="20200626 15:46:26.258" level="INFO">${ID} = 0</msg>
<status status="PASS" starttime="20200626 15:46:26.257" endtime="20200626 15:46:26.258"></status>
</kw>
<kw name="Set Element Text" library="XML">
<doc>Sets text and/or tail text of the specified element.</doc>
<arguments>
<arg>${XML_CONTENT}</arg>
<arg>${ID}</arg>
<arg>xpath=.//id</arg>
</arguments>
<assign>
<var>${XML_CONTENT}</var>
</assign>
<msg timestamp="20200626 15:46:26.280" level="INFO">${XML_CONTENT} = &lt;Element 'Envelope' at 0x7efef2c65db0&gt;</msg>
<status status="PASS" starttime="20200626 15:46:26.258" endtime="20200626 15:46:26.280"></status>
</kw>
<kw name="Set Element Text" library="XML">
<doc>Sets text and/or tail text of the specified element.</doc>
<arguments>
<arg>${XML_CONTENT}</arg>
<arg>${PESSOA.nome}</arg>
<arg>xpath=.//nome</arg>
</arguments>
<assign>
<var>${XML_CONTENT}</var>
</assign>
<msg timestamp="20200626 15:46:26.283" level="INFO">${XML_CONTENT} = &lt;Element 'Envelope' at 0x7efef2c65db0&gt;</msg>
<status status="PASS" starttime="20200626 15:46:26.281" endtime="20200626 15:46:26.284"></status>
</kw>
<kw name="Set Element Text" library="XML">
<doc>Sets text and/or tail text of the specified element.</doc>
<arguments>
<arg>${XML_CONTENT}</arg>
<arg>${PESSOA.email}</arg>
<arg>xpath=.//email</arg>
</arguments>
<assign>
<var>${XML_CONTENT}</var>
</assign>
<msg timestamp="20200626 15:46:26.286" level="INFO">${XML_CONTENT} = &lt;Element 'Envelope' at 0x7efef2c65db0&gt;</msg>
<status status="PASS" starttime="20200626 15:46:26.284" endtime="20200626 15:46:26.286"></status>
</kw>
<kw name="Set Element Attribute" library="XML">
<doc>Sets attribute ``name`` of the specified element to ``value``.</doc>
<arguments>
<arg>${XML_CONTENT}</arg>
<arg>status</arg>
<arg>${PESSOA.fixo}</arg>
<arg>xpath=.//contato[1]</arg>
</arguments>
<assign>
<var>${XML_CONTENT}</var>
</assign>
<msg timestamp="20200626 15:46:26.287" level="INFO">${XML_CONTENT} = &lt;Element 'Envelope' at 0x7efef2c65db0&gt;</msg>
<status status="PASS" starttime="20200626 15:46:26.286" endtime="20200626 15:46:26.288"></status>
</kw>
<kw name="Set Element Text" library="XML">
<doc>Sets text and/or tail text of the specified element.</doc>
<arguments>
<arg>${XML_CONTENT}</arg>
<arg>\t</arg>
<arg>xpath=.//contato[1]</arg>
</arguments>
<assign>
<var>${XML_CONTENT}</var>
</assign>
<msg timestamp="20200626 15:46:26.289" level="INFO">${XML_CONTENT} = &lt;Element 'Envelope' at 0x7efef2c65db0&gt;</msg>
<status status="PASS" starttime="20200626 15:46:26.288" endtime="20200626 15:46:26.289"></status>
</kw>
<kw name="Add Element" library="XML">
<doc>Adds a child element to the specified element.</doc>
<arguments>
<arg>${XML_CONTENT}</arg>
<arg>&lt;contato&gt;${PESSOA.telefone}&lt;/contato&gt;</arg>
<arg>xpath=.//dadosDoCliente</arg>
<arg>index=4</arg>
</arguments>
<assign>
<var>${XML_CONTENT}</var>
</assign>
<msg timestamp="20200626 15:46:26.291" level="INFO">${XML_CONTENT} = &lt;Element 'Envelope' at 0x7efef2c65db0&gt;</msg>
<status status="PASS" starttime="20200626 15:46:26.289" endtime="20200626 15:46:26.291"></status>
</kw>
<kw name="Set Element Attribute" library="XML">
<doc>Sets attribute ``name`` of the specified element to ``value``.</doc>
<arguments>
<arg>${XML_CONTENT}</arg>
<arg>status</arg>
<arg>true</arg>
<arg>xpath=.//contato[2]</arg>
</arguments>
<assign>
<var>${XML_CONTENT}</var>
</assign>
<msg timestamp="20200626 15:46:26.295" level="INFO">${XML_CONTENT} = &lt;Element 'Envelope' at 0x7efef2c65db0&gt;</msg>
<status status="PASS" starttime="20200626 15:46:26.292" endtime="20200626 15:46:26.295"></status>
</kw>
<kw name="Set Element Attribute" library="XML">
<doc>Sets attribute ``name`` of the specified element to ``value``.</doc>
<arguments>
<arg>${XML_CONTENT}</arg>
<arg>tipo</arg>
<arg>${PESSOA.tipo}</arg>
<arg>xpath=.//contato[2]</arg>
</arguments>
<assign>
<var>${XML_CONTENT}</var>
</assign>
<msg timestamp="20200626 15:46:26.297" level="INFO">${XML_CONTENT} = &lt;Element 'Envelope' at 0x7efef2c65db0&gt;</msg>
<status status="PASS" starttime="20200626 15:46:26.295" endtime="20200626 15:46:26.297"></status>
</kw>
<kw name="Set Element Attribute" library="XML">
<doc>Sets attribute ``name`` of the specified element to ``value``.</doc>
<arguments>
<arg>${XML_CONTENT}</arg>
<arg>ativo</arg>
<arg>${PESSOA.status}</arg>
<arg>xpath=.//status</arg>
</arguments>
<assign>
<var>${XML_CONTENT}</var>
</assign>
<msg timestamp="20200626 15:46:26.298" level="INFO">${XML_CONTENT} = &lt;Element 'Envelope' at 0x7efef2c65db0&gt;</msg>
<status status="PASS" starttime="20200626 15:46:26.297" endtime="20200626 15:46:26.298"></status>
</kw>
<kw name="Set Test Variable" library="BuiltIn">
<doc>Makes a variable available everywhere within the scope of the current test.</doc>
<arguments>
<arg>${ID}</arg>
</arguments>
<msg timestamp="20200626 15:46:26.299" level="INFO">${ID} = 0</msg>
<status status="PASS" starttime="20200626 15:46:26.299" endtime="20200626 15:46:26.299"></status>
</kw>
<kw name="Set Test Variable" library="BuiltIn">
<doc>Makes a variable available everywhere within the scope of the current test.</doc>
<arguments>
<arg>${XML_CONTENT}</arg>
</arguments>
<msg timestamp="20200626 15:46:26.300" level="INFO">${XML_CONTENT} = &lt;Element 'Envelope' at 0x7efef2c65db0&gt;</msg>
<status status="PASS" starttime="20200626 15:46:26.300" endtime="20200626 15:46:26.300"></status>
</kw>
<status status="PASS" starttime="20200626 15:46:26.251" endtime="20200626 15:46:26.300"></status>
</kw>
<kw name="Salvando novo arquivo" library="ResourceXML">
<kw name="Save Xml" library="XML">
<doc>Saves the given element to the specified file.</doc>
<arguments>
<arg>${XML_CONTENT}</arg>
<arg>${OUTPUT}/${ID}.xml</arg>
</arguments>
<msg timestamp="20200626 15:46:26.319" level="INFO" html="yes">XML saved to &lt;a href="file:///opt/robotframework/tests/documents/output/0.xml"&gt;/opt/robotframework/tests/documents/output/0.xml&lt;/a&gt;.</msg>
<status status="PASS" starttime="20200626 15:46:26.302" endtime="20200626 15:46:26.321"></status>
</kw>
<kw name="Get File" library="OperatingSystem">
<doc>Returns the contents of a specified file.</doc>
<arguments>
<arg>${OUTPUT}/${ID}.xml</arg>
</arguments>
<assign>
<var>${XML_FINAL}</var>
</assign>
<msg timestamp="20200626 15:46:26.323" level="INFO" html="yes">Getting file '&lt;a href="file:///opt/robotframework/tests/documents/output/0.xml"&gt;/opt/robotframework/tests/documents/output/0.xml&lt;/a&gt;'.</msg>
<msg timestamp="20200626 15:46:26.356" level="INFO">${XML_FINAL} = &lt;?xml version='1.0' encoding='UTF-8'?&gt;
&lt;Envelope xmlns="http://schemas.xmlsoap.org/soap/envelope/"&gt;
  &lt;Body&gt;
    &lt;dadosDoCliente xmlns=""&gt;
      &lt;id&gt;0&lt;/id&gt;
      &lt;nome&gt;William&lt;/nome&gt;
      &lt;email&gt;will...</msg>
<status status="PASS" starttime="20200626 15:46:26.322" endtime="20200626 15:46:26.357"></status>
</kw>
<kw name="Log" library="BuiltIn">
<doc>Logs the given message with the given level.</doc>
<arguments>
<arg>${XML_FINAL}</arg>
</arguments>
<msg timestamp="20200626 15:46:26.412" level="INFO">&lt;?xml version='1.0' encoding='UTF-8'?&gt;
&lt;Envelope xmlns="http://schemas.xmlsoap.org/soap/envelope/"&gt;
  &lt;Body&gt;
    &lt;dadosDoCliente xmlns=""&gt;
      &lt;id&gt;0&lt;/id&gt;
      &lt;nome&gt;William&lt;/nome&gt;
      &lt;email&gt;will@q4sure.com&lt;/email&gt;
      &lt;contato status="false" tipo="residencial"&gt;	&lt;/contato&gt;
      &lt;contato status="true" tipo="celular"&gt;11 98765-4321&lt;/contato&gt;&lt;status ativo="true" /&gt;
    &lt;/dadosDoCliente&gt;
  &lt;/Body&gt;
&lt;/Envelope&gt;</msg>
<status status="PASS" starttime="20200626 15:46:26.407" endtime="20200626 15:46:26.412"></status>
</kw>
<kw name="Set Test Variable" library="BuiltIn">
<doc>Makes a variable available everywhere within the scope of the current test.</doc>
<arguments>
<arg>${XML_FINAL}</arg>
</arguments>
<msg timestamp="20200626 15:46:26.416" level="INFO">${XML_FINAL} = &lt;?xml version='1.0' encoding='UTF-8'?&gt;
&lt;Envelope xmlns="http://schemas.xmlsoap.org/soap/envelope/"&gt;
  &lt;Body&gt;
    &lt;dadosDoCliente xmlns=""&gt;
      &lt;id&gt;0&lt;/id&gt;
      &lt;nome&gt;William&lt;/nome&gt;
      &lt;email&gt;will...</msg>
<status status="PASS" starttime="20200626 15:46:26.413" endtime="20200626 15:46:26.416"></status>
</kw>
<status status="PASS" starttime="20200626 15:46:26.300" endtime="20200626 15:46:26.417"></status>
</kw>
<kw name="Conferindo os dados do arquivo salvo" library="ResourceXML">
<kw name="Element Text Should Be" library="XML">
<doc>Verifies that the text of the specified element is ``expected``.</doc>
<arguments>
<arg>${XML_FINAL}</arg>
<arg>${ID}</arg>
<arg>xpath=.//id</arg>
</arguments>
<status status="PASS" starttime="20200626 15:46:26.419" endtime="20200626 15:46:26.422"></status>
</kw>
<kw name="Element Text Should Be" library="XML">
<doc>Verifies that the text of the specified element is ``expected``.</doc>
<arguments>
<arg>${XML_FINAL}</arg>
<arg>${PESSOA.nome}</arg>
<arg>xpath=.//nome</arg>
</arguments>
<status status="PASS" starttime="20200626 15:46:26.422" endtime="20200626 15:46:26.426"></status>
</kw>
<kw name="Element Text Should Be" library="XML">
<doc>Verifies that the text of the specified element is ``expected``.</doc>
<arguments>
<arg>${XML_FINAL}</arg>
<arg>${PESSOA.email}</arg>
<arg>xpath=.//email</arg>
</arguments>
<status status="PASS" starttime="20200626 15:46:26.426" endtime="20200626 15:46:26.427"></status>
</kw>
<kw name="Element Attribute Should Be" library="XML">
<doc>Verifies that the specified attribute is ``expected``.</doc>
<arguments>
<arg>${XML_FINAL}</arg>
<arg>status</arg>
<arg>${PESSOA.fixo}</arg>
<arg>xpath=.//contato[1]</arg>
</arguments>
<status status="PASS" starttime="20200626 15:46:26.428" endtime="20200626 15:46:26.429"></status>
</kw>
<kw name="Element Attribute Should Be" library="XML">
<doc>Verifies that the specified attribute is ``expected``.</doc>
<arguments>
<arg>${XML_FINAL}</arg>
<arg>tipo</arg>
<arg>${PESSOA.tipo}</arg>
<arg>xpath=.//contato[2]</arg>
</arguments>
<status status="PASS" starttime="20200626 15:46:26.429" endtime="20200626 15:46:26.430"></status>
</kw>
<kw name="Element Attribute Should Be" library="XML">
<doc>Verifies that the specified attribute is ``expected``.</doc>
<arguments>
<arg>${XML_FINAL}</arg>
<arg>ativo</arg>
<arg>${PESSOA.status}</arg>
<arg>xpath=.//status</arg>
</arguments>
<status status="PASS" starttime="20200626 15:46:26.431" endtime="20200626 15:46:26.432"></status>
</kw>
<status status="PASS" starttime="20200626 15:46:26.417" endtime="20200626 15:46:26.432"></status>
</kw>
<status status="PASS" starttime="20200626 15:46:26.249" endtime="20200626 15:46:26.432" critical="yes"></status>
</test>
<doc>Realizando testes de manuliação de arquivo XML!</doc>
<status status="PASS" starttime="20200626 15:46:26.161" endtime="20200626 15:46:26.435"></status>
</suite>
<status status="PASS" starttime="20200626 15:46:26.117" endtime="20200626 15:46:26.439"></status>
</suite>
<statistics>
<total>
<stat pass="1" fail="0">Critical Tests</stat>
<stat pass="1" fail="0">All Tests</stat>
</total>
<tag>
</tag>
<suite>
<stat pass="1" fail="0" id="s1" name="Tests">Tests</stat>
<stat pass="1" fail="0" id="s1-s1" name="TestCaseXML">Tests.TestCaseXML</stat>
</suite>
</statistics>
<errors>
</errors>
</robot>
